<?xml version="1.0" encoding="UTF-8"?>
<!-- Generated by org.testng.reporters.JUnitReportReporter -->
<testsuite hostname="Jitendras-Air.attlocal.net" failures="0" tests="1" name="com.labcorp.rest.tests.GetAllUser" time="1.924" errors="0" timestamp="2022-08-02T19:39:11 EDT" skipped="0">
  <testcase classname="com.labcorp.rest.tests.GetAllUser" name="testGetUsers" time="1.924"/>
  <system-out/>
</testsuite> <!-- com.labcorp.rest.tests.GetAllUser -->
