<?xml version="1.0" encoding="UTF-8"?>
<!-- Generated by org.testng.reporters.JUnitReportReporter -->
<testsuite hostname="Jitendras-Air.attlocal.net" failures="0" tests="1" name="com.labcorp.rest.tests.TestBDD" time="3.910" errors="0" timestamp="2022-07-31T16:08:48 EDT" skipped="0">
  <testcase classname="com.labcorp.rest.tests.TestBDD" name="testGetUsers" time="3.910"/>
  <system-out/>
</testsuite> <!-- com.labcorp.rest.tests.TestBDD -->
