<?xml version="1.0" encoding="UTF-8"?>
<!-- Generated by org.testng.reporters.JUnitReportReporter -->
<testsuite hostname="Jitendras-Air.attlocal.net" failures="0" tests="1" name="com.labcorp.rest.tests.CreateUserAndGetUser" time="7.742" errors="0" timestamp="2022-08-01T12:04:08 EDT" skipped="0">
  <testcase classname="com.labcorp.rest.tests.CreateUserAndGetUser" name="testCreateUserAndVerifyIdFetchGETRequest" time="7.742"/>
  <system-out/>
</testsuite> <!-- com.labcorp.rest.tests.CreateUserAndGetUser -->
