<?xml version="1.0" encoding="UTF-8"?>
<!-- Generated by org.testng.reporters.JUnitReportReporter -->
<testsuite hostname="Jitendras-Air.attlocal.net" failures="0" tests="1" name="com.qa.rest.tests.GetCallBDD" time="4.736" errors="0" timestamp="2022-07-28T23:51:32 EDT" skipped="0">
  <testcase classname="com.qa.rest.tests.GetCallBDD" name="testGetUsers" time="4.736"/>
  <system-out/>
</testsuite> <!-- com.qa.rest.tests.GetCallBDD -->
