<?xml version="1.0" encoding="UTF-8"?>
<!-- Generated by org.testng.reporters.JUnitReportReporter -->
<testsuite hostname="Jitendras-Air.attlocal.net" failures="0" tests="1" name="com.labcorp.rest.tests.PostCallBDD" time="3.330" errors="0" timestamp="2022-07-31T19:14:38 EDT" skipped="0">
  <testcase classname="com.labcorp.rest.tests.PostCallBDD" name="testPOSTCreateUser" time="3.330"/>
  <system-out/>
</testsuite> <!-- com.labcorp.rest.tests.PostCallBDD -->
