<?xml version="1.0" encoding="UTF-8"?>
<!-- Generated by org.testng.reporters.JUnitReportReporter -->
<testsuite hostname="Jitendras-Air.attlocal.net" failures="0" tests="1" name="com.labcorp.rest.tests.CreateAndGetUser" time="3.363" errors="0" timestamp="2022-08-03T14:08:55 EDT" skipped="0">
  <testcase classname="com.labcorp.rest.tests.CreateAndGetUser" name="testCreateUserAndVerifyIdFetchGETRequest" time="3.363"/>
  <system-out/>
</testsuite> <!-- com.labcorp.rest.tests.CreateAndGetUser -->
